[2024-03-28 21:27:10] testing.INFO: {
    "data": [
        {
            "id": 21,
            "first_name": "first 0",
            "last_name": "last 0",
            "email": "test0@pzn.com",
            "phone": "111110"
        },
        {
            "id": 22,
            "first_name": "first 1",
            "last_name": "last 1",
            "email": "test1@pzn.com",
            "phone": "111111"
        },
        {
            "id": 23,
            "first_name": "first 2",
            "last_name": "last 2",
            "email": "test2@pzn.com",
            "phone": "111112"
        },
        {
            "id": 24,
            "first_name": "first 3",
            "last_name": "last 3",
            "email": "test3@pzn.com",
            "phone": "111113"
        },
        {
            "id": 25,
            "first_name": "first 4",
            "last_name": "last 4",
            "email": "test4@pzn.com",
            "phone": "111114"
        },
        {
            "id": 26,
            "first_name": "first 5",
            "last_name": "last 5",
            "email": "test5@pzn.com",
            "phone": "111115"
        },
        {
            "id": 27,
            "first_name": "first 6",
            "last_name": "last 6",
            "email": "test6@pzn.com",
            "phone": "111116"
        },
        {
            "id": 28,
            "first_name": "first 7",
            "last_name": "last 7",
            "email": "test7@pzn.com",
            "phone": "111117"
        },
        {
            "id": 29,
            "first_name": "first 8",
            "last_name": "last 8",
            "email": "test8@pzn.com",
            "phone": "111118"
        },
        {
            "id": 30,
            "first_name": "first 9",
            "last_name": "last 9",
            "email": "test9@pzn.com",
            "phone": "111119"
        }
    ],
    "links": {
        "first": "http:\/\/localhost:8012\/api\/contacts?page=1",
        "last": "http:\/\/localhost:8012\/api\/contacts?page=2",
        "prev": null,
        "next": "http:\/\/localhost:8012\/api\/contacts?page=2"
    },
    "meta": {
        "current_page": 1,
        "from": 1,
        "last_page": 2,
        "links": [
            {
                "url": null,
                "label": "&laquo; Previous",
                "active": false
            },
            {
                "url": "http:\/\/localhost:8012\/api\/contacts?page=1",
                "label": "1",
                "active": true
            },
            {
                "url": "http:\/\/localhost:8012\/api\/contacts?page=2",
                "label": "2",
                "active": false
            },
            {
                "url": "http:\/\/localhost:8012\/api\/contacts?page=2",
                "label": "Next &raquo;",
                "active": false
            }
        ],
        "path": "http:\/\/localhost:8012\/api\/contacts",
        "per_page": 10,
        "to": 10,
        "total": 20
    }
}  
[2024-03-28 21:27:10] testing.INFO: {
    "data": [
        {
            "id": 41,
            "first_name": "first 0",
            "last_name": "last 0",
            "email": "test0@pzn.com",
            "phone": "111110"
        },
        {
            "id": 42,
            "first_name": "first 1",
            "last_name": "last 1",
            "email": "test1@pzn.com",
            "phone": "111111"
        },
        {
            "id": 43,
            "first_name": "first 2",
            "last_name": "last 2",
            "email": "test2@pzn.com",
            "phone": "111112"
        },
        {
            "id": 44,
            "first_name": "first 3",
            "last_name": "last 3",
            "email": "test3@pzn.com",
            "phone": "111113"
        },
        {
            "id": 45,
            "first_name": "first 4",
            "last_name": "last 4",
            "email": "test4@pzn.com",
            "phone": "111114"
        },
        {
            "id": 46,
            "first_name": "first 5",
            "last_name": "last 5",
            "email": "test5@pzn.com",
            "phone": "111115"
        },
        {
            "id": 47,
            "first_name": "first 6",
            "last_name": "last 6",
            "email": "test6@pzn.com",
            "phone": "111116"
        },
        {
            "id": 48,
            "first_name": "first 7",
            "last_name": "last 7",
            "email": "test7@pzn.com",
            "phone": "111117"
        },
        {
            "id": 49,
            "first_name": "first 8",
            "last_name": "last 8",
            "email": "test8@pzn.com",
            "phone": "111118"
        },
        {
            "id": 50,
            "first_name": "first 9",
            "last_name": "last 9",
            "email": "test9@pzn.com",
            "phone": "111119"
        }
    ],
    "links": {
        "first": "http:\/\/localhost:8012\/api\/contacts?page=1",
        "last": "http:\/\/localhost:8012\/api\/contacts?page=2",
        "prev": null,
        "next": "http:\/\/localhost:8012\/api\/contacts?page=2"
    },
    "meta": {
        "current_page": 1,
        "from": 1,
        "last_page": 2,
        "links": [
            {
                "url": null,
                "label": "&laquo; Previous",
                "active": false
            },
            {
                "url": "http:\/\/localhost:8012\/api\/contacts?page=1",
                "label": "1",
                "active": true
            },
            {
                "url": "http:\/\/localhost:8012\/api\/contacts?page=2",
                "label": "2",
                "active": false
            },
            {
                "url": "http:\/\/localhost:8012\/api\/contacts?page=2",
                "label": "Next &raquo;",
                "active": false
            }
        ],
        "path": "http:\/\/localhost:8012\/api\/contacts",
        "per_page": 10,
        "to": 10,
        "total": 20
    }
}  
[2024-03-28 21:27:10] testing.INFO: {
    "data": [
        {
            "id": 61,
            "first_name": "first 0",
            "last_name": "last 0",
            "email": "test0@pzn.com",
            "phone": "111110"
        },
        {
            "id": 62,
            "first_name": "first 1",
            "last_name": "last 1",
            "email": "test1@pzn.com",
            "phone": "111111"
        },
        {
            "id": 63,
            "first_name": "first 2",
            "last_name": "last 2",
            "email": "test2@pzn.com",
            "phone": "111112"
        },
        {
            "id": 64,
            "first_name": "first 3",
            "last_name": "last 3",
            "email": "test3@pzn.com",
            "phone": "111113"
        },
        {
            "id": 65,
            "first_name": "first 4",
            "last_name": "last 4",
            "email": "test4@pzn.com",
            "phone": "111114"
        },
        {
            "id": 66,
            "first_name": "first 5",
            "last_name": "last 5",
            "email": "test5@pzn.com",
            "phone": "111115"
        },
        {
            "id": 67,
            "first_name": "first 6",
            "last_name": "last 6",
            "email": "test6@pzn.com",
            "phone": "111116"
        },
        {
            "id": 68,
            "first_name": "first 7",
            "last_name": "last 7",
            "email": "test7@pzn.com",
            "phone": "111117"
        },
        {
            "id": 69,
            "first_name": "first 8",
            "last_name": "last 8",
            "email": "test8@pzn.com",
            "phone": "111118"
        },
        {
            "id": 70,
            "first_name": "first 9",
            "last_name": "last 9",
            "email": "test9@pzn.com",
            "phone": "111119"
        }
    ],
    "links": {
        "first": "http:\/\/localhost:8012\/api\/contacts?page=1",
        "last": "http:\/\/localhost:8012\/api\/contacts?page=2",
        "prev": null,
        "next": "http:\/\/localhost:8012\/api\/contacts?page=2"
    },
    "meta": {
        "current_page": 1,
        "from": 1,
        "last_page": 2,
        "links": [
            {
                "url": null,
                "label": "&laquo; Previous",
                "active": false
            },
            {
                "url": "http:\/\/localhost:8012\/api\/contacts?page=1",
                "label": "1",
                "active": true
            },
            {
                "url": "http:\/\/localhost:8012\/api\/contacts?page=2",
                "label": "2",
                "active": false
            },
            {
                "url": "http:\/\/localhost:8012\/api\/contacts?page=2",
                "label": "Next &raquo;",
                "active": false
            }
        ],
        "path": "http:\/\/localhost:8012\/api\/contacts",
        "per_page": 10,
        "to": 10,
        "total": 20
    }
}  
[2024-03-28 21:27:10] testing.INFO: {
    "data": [
        {
            "id": 81,
            "first_name": "first 0",
            "last_name": "last 0",
            "email": "test0@pzn.com",
            "phone": "111110"
        },
        {
            "id": 82,
            "first_name": "first 1",
            "last_name": "last 1",
            "email": "test1@pzn.com",
            "phone": "111111"
        },
        {
            "id": 83,
            "first_name": "first 2",
            "last_name": "last 2",
            "email": "test2@pzn.com",
            "phone": "111112"
        },
        {
            "id": 84,
            "first_name": "first 3",
            "last_name": "last 3",
            "email": "test3@pzn.com",
            "phone": "111113"
        },
        {
            "id": 85,
            "first_name": "first 4",
            "last_name": "last 4",
            "email": "test4@pzn.com",
            "phone": "111114"
        },
        {
            "id": 86,
            "first_name": "first 5",
            "last_name": "last 5",
            "email": "test5@pzn.com",
            "phone": "111115"
        },
        {
            "id": 87,
            "first_name": "first 6",
            "last_name": "last 6",
            "email": "test6@pzn.com",
            "phone": "111116"
        },
        {
            "id": 88,
            "first_name": "first 7",
            "last_name": "last 7",
            "email": "test7@pzn.com",
            "phone": "111117"
        },
        {
            "id": 89,
            "first_name": "first 8",
            "last_name": "last 8",
            "email": "test8@pzn.com",
            "phone": "111118"
        },
        {
            "id": 90,
            "first_name": "first 9",
            "last_name": "last 9",
            "email": "test9@pzn.com",
            "phone": "111119"
        }
    ],
    "links": {
        "first": "http:\/\/localhost:8012\/api\/contacts?page=1",
        "last": "http:\/\/localhost:8012\/api\/contacts?page=2",
        "prev": null,
        "next": "http:\/\/localhost:8012\/api\/contacts?page=2"
    },
    "meta": {
        "current_page": 1,
        "from": 1,
        "last_page": 2,
        "links": [
            {
                "url": null,
                "label": "&laquo; Previous",
                "active": false
            },
            {
                "url": "http:\/\/localhost:8012\/api\/contacts?page=1",
                "label": "1",
                "active": true
            },
            {
                "url": "http:\/\/localhost:8012\/api\/contacts?page=2",
                "label": "2",
                "active": false
            },
            {
                "url": "http:\/\/localhost:8012\/api\/contacts?page=2",
                "label": "Next &raquo;",
                "active": false
            }
        ],
        "path": "http:\/\/localhost:8012\/api\/contacts",
        "per_page": 10,
        "to": 10,
        "total": 20
    }
}  
[2024-03-28 21:27:10] testing.INFO: {
    "data": [],
    "links": {
        "first": "http:\/\/localhost:8012\/api\/contacts?page=1",
        "last": "http:\/\/localhost:8012\/api\/contacts?page=1",
        "prev": null,
        "next": null
    },
    "meta": {
        "current_page": 1,
        "from": null,
        "last_page": 1,
        "links": [
            {
                "url": null,
                "label": "&laquo; Previous",
                "active": false
            },
            {
                "url": "http:\/\/localhost:8012\/api\/contacts?page=1",
                "label": "1",
                "active": true
            },
            {
                "url": null,
                "label": "Next &raquo;",
                "active": false
            }
        ],
        "path": "http:\/\/localhost:8012\/api\/contacts",
        "per_page": 10,
        "to": null,
        "total": 0
    }
}  
[2024-03-28 21:27:10] testing.INFO: {
    "data": [
        {
            "id": 126,
            "first_name": "first 5",
            "last_name": "last 5",
            "email": "test5@pzn.com",
            "phone": "111115"
        },
        {
            "id": 127,
            "first_name": "first 6",
            "last_name": "last 6",
            "email": "test6@pzn.com",
            "phone": "111116"
        },
        {
            "id": 128,
            "first_name": "first 7",
            "last_name": "last 7",
            "email": "test7@pzn.com",
            "phone": "111117"
        },
        {
            "id": 129,
            "first_name": "first 8",
            "last_name": "last 8",
            "email": "test8@pzn.com",
            "phone": "111118"
        },
        {
            "id": 130,
            "first_name": "first 9",
            "last_name": "last 9",
            "email": "test9@pzn.com",
            "phone": "111119"
        }
    ],
    "links": {
        "first": "http:\/\/localhost:8012\/api\/contacts?page=1",
        "last": "http:\/\/localhost:8012\/api\/contacts?page=4",
        "prev": "http:\/\/localhost:8012\/api\/contacts?page=1",
        "next": "http:\/\/localhost:8012\/api\/contacts?page=3"
    },
    "meta": {
        "current_page": 2,
        "from": 6,
        "last_page": 4,
        "links": [
            {
                "url": "http:\/\/localhost:8012\/api\/contacts?page=1",
                "label": "&laquo; Previous",
                "active": false
            },
            {
                "url": "http:\/\/localhost:8012\/api\/contacts?page=1",
                "label": "1",
                "active": false
            },
            {
                "url": "http:\/\/localhost:8012\/api\/contacts?page=2",
                "label": "2",
                "active": true
            },
            {
                "url": "http:\/\/localhost:8012\/api\/contacts?page=3",
                "label": "3",
                "active": false
            },
            {
                "url": "http:\/\/localhost:8012\/api\/contacts?page=4",
                "label": "4",
                "active": false
            },
            {
                "url": "http:\/\/localhost:8012\/api\/contacts?page=3",
                "label": "Next &raquo;",
                "active": false
            }
        ],
        "path": "http:\/\/localhost:8012\/api\/contacts",
        "per_page": 5,
        "to": 10,
        "total": 20
    }
}  
